Start testing: Sep 10 13:04 EDT
----------------------------------------------------------
5/26 Testing: PControl.TestZero
5/26 Test: PControl.TestZero
Command: "/Users/nateschmelkin/UMich/ROB102/p1_and_p2_template/build/test_public" "--gtest_filter=PControl.TestZero" "--gtest_also_run_disabled_tests"
Directory: /Users/nateschmelkin/UMich/ROB102/p1_and_p2_template/build
"PControl.TestZero" start time: Sep 10 13:04 EDT
Output:
----------------------------------------------------------
Running main() from /private/tmp/googletest-20250808-4780-aa0gxy/googletest-1.17.0/googletest/src/gtest_main.cc
Note: Google Test filter = PControl.TestZero
[==========] Running 1 test from 1 test suite.
[----------] Global test environment set-up.
[----------] 1 test from PControl
[ RUN      ] PControl.TestZero
[       OK ] PControl.TestZero (0 ms)
[----------] 1 test from PControl (0 ms total)

[----------] Global test environment tear-down
[==========] 1 test from 1 test suite ran. (0 ms total)
[  PASSED  ] 1 test.
<end of output>
Test time =   0.00 sec
----------------------------------------------------------
Test Passed.
"PControl.TestZero" end time: Sep 10 13:04 EDT
"PControl.TestZero" time elapsed: 00:00:00
----------------------------------------------------------

6/26 Testing: PControl.TestNegative
6/26 Test: PControl.TestNegative
Command: "/Users/nateschmelkin/UMich/ROB102/p1_and_p2_template/build/test_public" "--gtest_filter=PControl.TestNegative" "--gtest_also_run_disabled_tests"
Directory: /Users/nateschmelkin/UMich/ROB102/p1_and_p2_template/build
"PControl.TestNegative" start time: Sep 10 13:04 EDT
Output:
----------------------------------------------------------
Running main() from /private/tmp/googletest-20250808-4780-aa0gxy/googletest-1.17.0/googletest/src/gtest_main.cc
Note: Google Test filter = PControl.TestNegative
[==========] Running 1 test from 1 test suite.
[----------] Global test environment set-up.
[----------] 1 test from PControl
[ RUN      ] PControl.TestNegative
[       OK ] PControl.TestNegative (0 ms)
[----------] 1 test from PControl (0 ms total)

[----------] Global test environment tear-down
[==========] 1 test from 1 test suite ran. (0 ms total)
[  PASSED  ] 1 test.
<end of output>
Test time =   0.00 sec
----------------------------------------------------------
Test Passed.
"PControl.TestNegative" end time: Sep 10 13:04 EDT
"PControl.TestNegative" time elapsed: 00:00:00
----------------------------------------------------------

7/26 Testing: PControl.TestPositive
7/26 Test: PControl.TestPositive
Command: "/Users/nateschmelkin/UMich/ROB102/p1_and_p2_template/build/test_public" "--gtest_filter=PControl.TestPositive" "--gtest_also_run_disabled_tests"
Directory: /Users/nateschmelkin/UMich/ROB102/p1_and_p2_template/build
"PControl.TestPositive" start time: Sep 10 13:04 EDT
Output:
----------------------------------------------------------
Running main() from /private/tmp/googletest-20250808-4780-aa0gxy/googletest-1.17.0/googletest/src/gtest_main.cc
Note: Google Test filter = PControl.TestPositive
[==========] Running 1 test from 1 test suite.
[----------] Global test environment set-up.
[----------] 1 test from PControl
[ RUN      ] PControl.TestPositive
[       OK ] PControl.TestPositive (0 ms)
[----------] 1 test from PControl (0 ms total)

[----------] Global test environment tear-down
[==========] 1 test from 1 test suite ran. (0 ms total)
[  PASSED  ] 1 test.
<end of output>
Test time =   0.00 sec
----------------------------------------------------------
Test Passed.
"PControl.TestPositive" end time: Sep 10 13:04 EDT
"PControl.TestPositive" time elapsed: 00:00:00
----------------------------------------------------------

End testing: Sep 10 13:04 EDT
